
 ERROR WHILE TRYING TO 'make' WITH PYTHON 3.8
==============================================
Scanning dependencies of target unittest_support
[ 25%] Building C object common/test-core/CMakeFiles/unittest_support.dir/swig-unittest-support-python.c.o
[ 27%] Linking C shared module ../../lib/gnucash/_unittest_support.so
/usr/bin/ld: /usr/local/lib/libpython3.8m.a(abstract.o): relocation R_X86_64_PC32 against symbol `PyObject_SetItem' can not be used when making a shared object; recompile with -fPIC
/usr/bin/ld: final link failed: Bad value
collect2: error: ld returned 1 exit status
common/test-core/CMakeFiles/unittest_support.dir/build.make:112: recipe for target 'lib/gnucash/_unittest_support.so' failed
make[2]: *** [lib/gnucash/_unittest_support.so] Error 1
CMakeFiles/Makefile2:2256: recipe for target 'common/test-core/CMakeFiles/unittest_support.dir/all' failed
make[1]: *** [common/test-core/CMakeFiles/unittest_support.dir/all] Error 2
Makefile:162: recipe for target 'all' failed
make: *** [all] Error 2
~/dev/git/fork/gnucash/build-gnucash-3.4-stable | Thu Feb 14 08:17:13 | marksa@Ares-A717-72G | bash 4.4.19
1428 > 

 SET CMAKE TO USE PYTHON 3.6 FOR NO 'make' error
=================================================
~/dev/git/fork/gnucash/build-gnucash-3.4-stable | Thu Feb 14 08:59:21 | marksa@Ares-A717-72G | bash 4.4.19
1411 > cmake -DCMAKE_INSTALL_PREFIX=/opt/gnucash -DCMAKE_PREFIX_PATH=/opt/gnucash -DPYTHON_EXECUTABLE=/usr/bin/python3 -DPYTHON_INCLUDE_DIR=/usr/include/python3.6m -DPYTHON_LIBRARY=/usr/lib -DWITH_PYTHON=ON -DGTEST_ROOT=/usr/src/googletest/googletest -DGMOCK_ROOT=/usr/src/googletest/googlemock ..
-- Using guile-2.0.x
-- Using guile SRFI-64
-- Found PythonInterp: /usr/bin/python3 (found suitable version "3.6.7", minimum required is "3") 
-- Found PythonLibs: /usr/lib (found suitable version "3.6.7", minimum required is "3") 
-- Checking for GTEST
-- Checking for GMOCK
-- Performing Test have_mod_mask
-- Performing Test have_mod_mask - Success
-- Configuring done
WARNING: Target "unittest_support" requests linking to directory "/usr/lib".  Targets may link only to libraries.  CMake is dropping the item.
WARNING: Target "sw_app_utils" requests linking to directory "/usr/lib".  Targets may link only to libraries.  CMake is dropping the item.
WARNING: Target "sw_core_utils" requests linking to directory "/usr/lib".  Targets may link only to libraries.  CMake is dropping the item.
WARNING: Target "gncmod-python" requests linking to directory "/usr/lib".  Targets may link only to libraries.  CMake is dropping the item.
WARNING: Target "sqlite3test" requests linking to directory "/usr/lib".  Targets may link only to libraries.  CMake is dropping the item.
WARNING: Target "gnucash_core_c" requests linking to directory "/usr/lib".  Targets may link only to libraries.  CMake is dropping the item.
-- Generating done
-- Build files have been written to: /home/marksa/dev/git/fork/gnucash/build-gnucash-3.4-stable
~/dev/git/fork/gnucash/build-gnucash-3.4-stable | Thu Feb 14 09:01:52 | marksa@Ares-A717-72G | bash 4.4.19
1412 > 
